[2026-05-22 09:10:55] local.ERROR: Command "config:get" is not defined.

Did you mean one of these?
    cache:forget
    config:cache
    config:clear
    config:make
    config:publish
    config:show
    queue:forget {"exception":"[object] (Symfony\\Component\\Console\\Exception\\CommandNotFoundException(code: 0): Command \"config:get\" is not defined.

Did you mean one of these?
    cache:forget
    config:cache
    config:clear
    config:make
    config:publish
    config:show
    queue:forget at C:/Users/jdira/Herd/beautyshop/BeautyBackend/vendor/symfony/console/Application.php:749)
[stacktrace]
#0 C:/Users/jdira/Herd/beautyshop/BeautyBackend/vendor/symfony/console/Application.php(298): Symfony/Component/Console/Application->find('config:get')
#1 C:/Users/jdira/Herd/beautyshop/BeautyBackend/vendor/symfony/console/Application.php(195): Symfony/Component/Console/Application->doRun(Object(Symfony/Component/Console/Input/ArgvInput), Object(Symfony/Component/Console/Output/ConsoleOutput))
#2 C:/Users/jdira/Herd/beautyshop/BeautyBackend/vendor/laravel/framework/src/Illuminate/Foundation/Console/Kernel.php(198): Symfony/Component/Console/Application->run(Object(Symfony/Component/Console/Input/ArgvInput), Object(Symfony/Component/Console/Output/ConsoleOutput))
#3 C:/Users/jdira/Herd/beautyshop/BeautyBackend/vendor/laravel/framework/src/Illuminate/Foundation/Application.php(1235): Illuminate/Foundation/Console/Kernel->handle(Object(Symfony/Component/Console/Input/ArgvInput), Object(Symfony/Component/Console/Output/ConsoleOutput))
#4 C:/Users/jdira/Herd/beautyshop/BeautyBackend/artisan(16): Illuminate/Foundation/Application->handleCommand(Object(Symfony/Component/Console/Input/ArgvInput))
#5 {main}
"} 
[2026-05-22 09:15:06] local.DEBUG: From: BeautyShop <noreply@beautyshop.com>
To: dev.youssef@gmail.com
Subject: Order Shipped - BS-20260522-1151
MIME-Version: 1.0
Date: Fri, 22 May 2026 09:15:06 +0000
Message-ID: <a2a7d62e8062d02da8969d03e6147b5a@beautyshop.com>
Content-Type: text/html; charset=utf-8
Content-Transfer-Encoding: quoted-printable

<!DOCTYPE html>
<html>
<head><meta charset="utf-8"><style>body{font-family:Arial,sans-serif;color:#333;line-height:1.6;margin:0;padding:0}.container{max-width:600px;margin:0 auto;padding:20px}.header{background:#d4a5a5;color:#fff;padding:20px;text-align:center;border-radius:8px 8px 0 0}.header h1{margin:0;font-size:22px}.content{padding:20px;background:#f9f9f9;border:1px solid #e0e0e0;border-top:none}.footer{padding:15px;text-align:center;font-size:12px;color:#999}table{width:100%;border-collapse:collapse;margin:15px 0}th,td{padding:10px 12px;text-align:left;border-bottom:1px solid #e0e0e0}th{background:#f0f0f0;font-size:13px}.status-badge{display:inline-block;padding:5px 15px;border-radius:12px;font-size:14px;font-weight:700}.status-pending{background:#fef3c7;color:#92400e}.status-confirmed{background:#dbeafe;color:#1e40af}.status-processing{background:#ede9fe;color:#5b21b6}.status-shipped{background:#f0fdf4;color:#166534}.status-delivered{background:#dcfce7;color:#166534}.status-cancelled{background:#fef2f2;color:#dc2626}</style></head>
<body>
<div class="container">
    <div class="header">
                    <h1>Your Order Is On Its Way!</h1>
            </div>
    <div class="content">
        <p>Hi <strong>youssef</strong>,</p>

                    <p>Your order <strong>BS-20260522-1151</strong> has been shipped and is on its way!</p>
        
        <p style="text-align:center;margin:20px 0;">
            <span class="status-badge status-shipped">Shipped</span>
        </p>

        <table>
            <tr><th>Product</th><th>Qty</th><th>Price</th></tr>
                        <tr>
                <td>csdqfdqf</td>
                <td>2</td>
                <td>$100.00</td>
            </tr>
                    </table>

        <p style="font-size:13px;color:#999;">Thank you for choosing BeautyShop!</p>
    </div>
    <div class="footer">&copy; 2026 BeautyShop. All rights reserved.</div>
</div>
</body>
</html>
  
[2026-05-22 11:25:38] local.ERROR: include(C:\Users\jdira\Herd\beautyshop\BeautyBackend\vendor\composer/../../app/Http/Controllers/Controller.php): Failed to open stream: No such file or directory {"exception":"[object] (ErrorException(code: 0): include(C:\\Users\\jdira\\Herd\\beautyshop\\BeautyBackend\\vendor\\composer/../../app/Http/Controllers/Controller.php): Failed to open stream: No such file or directory at C:/Users/jdira/Herd/beautyshop/BeautyBackend/vendor/composer/ClassLoader.php:576)
[stacktrace]
#0 C:/Users/jdira/Herd/beautyshop/BeautyBackend/vendor/laravel/framework/src/Illuminate/Foundation/Bootstrap/HandleExceptions.php(258): Illuminate/Foundation/Bootstrap/HandleExceptions->handleError(2, 'include(C://User...', 'C://Users//jdira//...', 576)
#1 C:/Users/jdira/Herd/beautyshop/BeautyBackend/vendor/composer/ClassLoader.php(576): Illuminate/Foundation/Bootstrap/HandleExceptions->{closure:Illuminate/Foundation/Bootstrap/HandleExceptions::forwardsTo():257}(2, 'include(C://User...', 'C://Users//jdira//...', 576)
#2 C:/Users/jdira/Herd/beautyshop/BeautyBackend/vendor/composer/ClassLoader.php(576): include('C://Users//jdira//...')
#3 C:/Users/jdira/Herd/beautyshop/BeautyBackend/vendor/composer/ClassLoader.php(427): {closure:Composer/Autoload/ClassLoader::initializeIncludeClosure():575}('C://Users//jdira//...')
#4 C:/Users/jdira/Herd/beautyshop/BeautyBackend/app/Http/Controllers/Api/V1/TaxRateController.php(9): Composer/Autoload/ClassLoader->loadClass('App//Http//Contro...')
#5 C:/Users/jdira/Herd/beautyshop/BeautyBackend/vendor/composer/ClassLoader.php(576): include('C://Users//jdira//...')
#6 C:/Users/jdira/Herd/beautyshop/BeautyBackend/vendor/composer/ClassLoader.php(427): {closure:Composer/Autoload/ClassLoader::initializeIncludeClosure():575}('C://Users//jdira//...')
#7 [internal function]: Composer/Autoload/ClassLoader->loadClass('App//Http//Contro...')
#8 C:/Users/jdira/Herd/beautyshop/BeautyBackend/vendor/laravel/framework/src/Illuminate/Routing/RouteAction.php(91): method_exists('App//Http//Contro...', '__invoke')
#9 C:/Users/jdira/Herd/beautyshop/BeautyBackend/vendor/laravel/framework/src/Illuminate/Routing/RouteAction.php(47): Illuminate/Routing/RouteAction::makeInvokable('App//Http//Contro...')
#10 C:/Users/jdira/Herd/beautyshop/BeautyBackend/vendor/laravel/framework/src/Illuminate/Routing/Route.php(201): Illuminate/Routing/RouteAction::parse('api/v1/tax-rate', Array)
#11 C:/Users/jdira/Herd/beautyshop/BeautyBackend/vendor/laravel/framework/src/Illuminate/Routing/Route.php(182): Illuminate/Routing/Route->parseAction(Array)
#12 C:/Users/jdira/Herd/beautyshop/BeautyBackend/vendor/laravel/framework/src/Illuminate/Routing/Router.php(685): Illuminate/Routing/Route->__construct(Array, 'api/v1/tax-rate', Array)
#13 C:/Users/jdira/Herd/beautyshop/BeautyBackend/vendor/laravel/framework/src/Illuminate/Routing/Router.php(576): Illuminate/Routing/Router->newRoute(Array, 'api/v1/tax-rate', Array)
#14 C:/Users/jdira/Herd/beautyshop/BeautyBackend/vendor/laravel/framework/src/Illuminate/Routing/Router.php(556): Illuminate/Routing/Router->createRoute(Array, '/tax-rate', Array)
#15 C:/Users/jdira/Herd/beautyshop/BeautyBackend/vendor/laravel/framework/src/Illuminate/Routing/Router.php(160): Illuminate/Routing/Router->addRoute(Array, '/tax-rate', 'App//Http//Contro...')
#16 C:/Users/jdira/Herd/beautyshop/BeautyBackend/vendor/laravel/framework/src/Illuminate/Support/Facades/Facade.php(363): Illuminate/Routing/Router->get('/tax-rate', 'App//Http//Contro...')
#17 C:/Users/jdira/Herd/beautyshop/BeautyBackend/routes/api.php(37): Illuminate/Support/Facades/Facade::__callStatic('get', Array)
#18 C:/Users/jdira/Herd/beautyshop/BeautyBackend/vendor/laravel/framework/src/Illuminate/Routing/Router.php(524): Illuminate/Routing/RouteFileRegistrar->{closure:C:/Users/jdira/Herd/beautyshop/BeautyBackend/routes/api.php:16}(Object(Illuminate/Routing/Router))
#19 C:/Users/jdira/Herd/beautyshop/BeautyBackend/vendor/laravel/framework/src/Illuminate/Routing/Router.php(480): Illuminate/Routing/Router->loadRoutes(Object(Closure))
#20 C:/Users/jdira/Herd/beautyshop/BeautyBackend/vendor/laravel/framework/src/Illuminate/Routing/RouteRegistrar.php(212): Illuminate/Routing/Router->group(Array, Object(Closure))
#21 C:/Users/jdira/Herd/beautyshop/BeautyBackend/routes/api.php(16): Illuminate/Routing/RouteRegistrar->group(Object(Closure))
#22 C:/Users/jdira/Herd/beautyshop/BeautyBackend/vendor/laravel/framework/src/Illuminate/Routing/RouteFileRegistrar.php(34): require('C://Users//jdira//...')
#23 C:/Users/jdira/Herd/beautyshop/BeautyBackend/vendor/laravel/framework/src/Illuminate/Routing/Router.php(526): Illuminate/Routing/RouteFileRegistrar->register('C://Users//jdira//...')
#24 C:/Users/jdira/Herd/beautyshop/BeautyBackend/vendor/laravel/framework/src/Illuminate/Routing/Router.php(480): Illuminate/Routing/Router->loadRoutes('C://Users//jdira//...')
#25 C:/Users/jdira/Herd/beautyshop/BeautyBackend/vendor/laravel/framework/src/Illuminate/Routing/RouteRegistrar.php(212): Illuminate/Routing/Router->group(Array, 'C://Users//jdira//...')
#26 C:/Users/jdira/Herd/beautyshop/BeautyBackend/vendor/laravel/framework/src/Illuminate/Foundation/Configuration/ApplicationBuilder.php(219): Illuminate/Routing/RouteRegistrar->group('C://Users//jdira//...')
#27 C:/Users/jdira/Herd/beautyshop/BeautyBackend/vendor/laravel/framework/src/Illuminate/Container/BoundMethod.php(36): Illuminate/Foundation/Configuration/ApplicationBuilder->{closure:Illuminate/Foundation/Configuration/ApplicationBuilder::buildRoutingCallback():210}()
#28 C:/Users/jdira/Herd/beautyshop/BeautyBackend/vendor/laravel/framework/src/Illuminate/Container/Util.php(43): Illuminate/Container/BoundMethod::{closure:Illuminate/Container/BoundMethod::call():35}()
#29 C:/Users/jdira/Herd/beautyshop/BeautyBackend/vendor/laravel/framework/src/Illuminate/Container/BoundMethod.php(84): Illuminate/Container/Util::unwrapIfClosure(Object(Closure))
#30 C:/Users/jdira/Herd/beautyshop/BeautyBackend/vendor/laravel/framework/src/Illuminate/Container/BoundMethod.php(35): Illuminate/Container/BoundMethod::callBoundMethod(Object(Illuminate/Foundation/Application), Object(Closure), Object(Closure))
#31 C:/Users/jdira/Herd/beautyshop/BeautyBackend/vendor/laravel/framework/src/Illuminate/Container/Container.php(799): Illuminate/Container/BoundMethod::call(Object(Illuminate/Foundation/Application), Object(Closure), Array, NULL)
#32 C:/Users/jdira/Herd/beautyshop/BeautyBackend/vendor/laravel/framework/src/Illuminate/Foundation/Support/Providers/RouteServiceProvider.php(162): Illuminate/Container/Container->call(Object(Closure))
#33 C:/Users/jdira/Herd/beautyshop/BeautyBackend/vendor/laravel/framework/src/Illuminate/Foundation/Support/Providers/RouteServiceProvider.php(59): Illuminate/Foundation/Support/Providers/RouteServiceProvider->loadRoutes()
#34 C:/Users/jdira/Herd/beautyshop/BeautyBackend/vendor/laravel/framework/src/Illuminate/Container/BoundMethod.php(36): Illuminate/Foundation/Support/Providers/RouteServiceProvider->{closure:Illuminate/Foundation/Support/Providers/RouteServiceProvider::register():53}()
#35 C:/Users/jdira/Herd/beautyshop/BeautyBackend/vendor/laravel/framework/src/Illuminate/Container/Util.php(43): Illuminate/Container/BoundMethod::{closure:Illuminate/Container/BoundMethod::call():35}()
#36 C:/Users/jdira/Herd/beautyshop/BeautyBackend/vendor/laravel/framework/src/Illuminate/Container/BoundMethod.php(84): Illuminate/Container/Util::unwrapIfClosure(Object(Closure))
#37 C:/Users/jdira/Herd/beautyshop/BeautyBackend/vendor/laravel/framework/src/Illuminate/Container/BoundMethod.php(35): Illuminate/Container/BoundMethod::callBoundMethod(Object(Illuminate/Foundation/Application), Object(Closure), Object(Closure))
#38 C:/Users/jdira/Herd/beautyshop/BeautyBackend/vendor/laravel/framework/src/Illuminate/Container/Container.php(799): Illuminate/Container/BoundMethod::call(Object(Illuminate/Foundation/Application), Object(Closure), Array, NULL)
#39 C:/Users/jdira/Herd/beautyshop/BeautyBackend/vendor/laravel/framework/src/Illuminate/Support/ServiceProvider.php(150): Illuminate/Container/Container->call(Object(Closure))
#40 C:/Users/jdira/Herd/beautyshop/BeautyBackend/vendor/laravel/framework/src/Illuminate/Foundation/Application.php(1154): Illuminate/Support/ServiceProvider->callBootedCallbacks()
#41 C:/Users/jdira/Herd/beautyshop/BeautyBackend/vendor/laravel/framework/src/Illuminate/Foundation/Application.php(1132): Illuminate/Foundation/Application->bootProvider(Object(Illuminate/Foundation/Support/Providers/RouteServiceProvider))
#42 [internal function]: Illuminate/Foundation/Application->{closure:Illuminate/Foundation/Application::boot():1131}(Object(Illuminate/Foundation/Support/Providers/RouteServiceProvider), 'Illuminate//Foun...')
#43 C:/Users/jdira/Herd/beautyshop/BeautyBackend/vendor/laravel/framework/src/Illuminate/Foundation/Application.php(1131): array_walk(Array, Object(Closure))
#44 C:/Users/jdira/Herd/beautyshop/BeautyBackend/vendor/laravel/framework/src/Illuminate/Foundation/Bootstrap/BootProviders.php(17): Illuminate/Foundation/Application->boot()
#45 C:/Users/jdira/Herd/beautyshop/BeautyBackend/vendor/laravel/framework/src/Illuminate/Foundation/Application.php(342): Illuminate/Foundation/Bootstrap/BootProviders->bootstrap(Object(Illuminate/Foundation/Application))
#46 C:/Users/jdira/Herd/beautyshop/BeautyBackend/vendor/laravel/framework/src/Illuminate/Foundation/Console/Kernel.php(494): Illuminate/Foundation/Application->bootstrapWith(Array)
#47 C:/Users/jdira/Herd/beautyshop/BeautyBackend/vendor/laravel/framework/src/Illuminate/Foundation/Console/Kernel.php(196): Illuminate/Foundation/Console/Kernel->bootstrap()
#48 C:/Users/jdira/Herd/beautyshop/BeautyBackend/artisan(12): Illuminate/Foundation/Console/Kernel->handle(Object(Symfony/Component/Console/Input/ArgvInput), Object(Symfony/Component/Console/Output/ConsoleOutput))
#49 {main}
"} 
[2026-05-22 11:58:57] local.DEBUG: From: BeautyShop <noreply@beautyshop.com>
To: jdirayoussef@gmail.com
Subject: Order Confirmation - BS-20260522-5275
MIME-Version: 1.0
Date: Fri, 22 May 2026 11:58:57 +0000
Message-ID: <b897d081e1cff0790539e077173739b4@beautyshop.com>
Content-Type: text/html; charset=utf-8
Content-Transfer-Encoding: quoted-printable

<!DOCTYPE html>
<html>
<head><meta charset="utf-8"><style>body{font-family:Arial,sans-serif;color:#333;line-height:1.6;margin:0;padding:0}.container{max-width:600px;margin:0 auto;padding:20px}.header{background:#d4a5a5;color:#fff;padding:20px;text-align:center;border-radius:8px 8px 0 0}.header h1{margin:0;font-size:22px}.content{padding:20px;background:#f9f9f9;border:1px solid #e0e0e0;border-top:none}.footer{padding:15px;text-align:center;font-size:12px;color:#999}table{width:100%;border-collapse:collapse;margin:15px 0}th,td{padding:10px 12px;text-align:left;border-bottom:1px solid #e0e0e0}th{background:#f0f0f0;font-size:13px}.total{font-size:16px;font-weight:700;text-align:right;padding-top:10px}.btn{display:inline-block;padding:10px 20px;background:#d4a5a5;color:#fff;text-decoration:none;border-radius:5px;margin-top:15px}</style></head>
<body>
<div class="container">
    <div class="header"><h1>Thank You for Your Order!</h1></div>
    <div class="content">
        <p>Hi <strong>youssef</strong>,</p>
        <p>Your order <strong>BS-20260522-5275</strong> has been placed successfully.</p>

        <table>
            <tr><th>Product</th><th>Qty</th><th>Price</th><th>Subtotal</th></tr>
                        <tr>
                <td>csdqfdqf</td>
                <td>3</td>
                <td>$100.00</td>
                <td>$300.00</td>
            </tr>
                    </table>

        <div class="total">
            <p>Subtotal: $300.00</p>
            <p>Shipping: FREE</p>
            <p>Tax: $0.30</p>
            <p style="font-size:20px;">Total: $300.30</p>
        </div>

        <p><strong>Shipping to:</strong><br>
        116 Avenue Des Forces, Agadir<br>
        agadir, souss 29990<br>
        MA</p>

        <p>Payment method: <strong>CASH ON DELIVERY</strong></p>
        <p>Payment status: <strong>Pending</strong></p>

        <p>We'll notify you when your order status changes. You can track your order anytime.</p>
        <p style="font-size:13px;color:#999;">If you have any questions, reply to this email or contact our support.</p>
    </div>
    <div class="footer">&copy; 2026 BeautyShop. All rights reserved.</div>
</div>
</body>
</html>
  
[2026-05-22 11:58:57] local.DEBUG: From: BeautyShop <noreply@beautyshop.com>
To: support@beautyshop.com
Subject: New Order - BS-20260522-5275
MIME-Version: 1.0
Date: Fri, 22 May 2026 11:58:57 +0000
Message-ID: <ad6ea2d507b025d657feeed098d90eca@beautyshop.com>
Content-Type: text/html; charset=utf-8
Content-Transfer-Encoding: quoted-printable

<!DOCTYPE html>
<html>
<head><meta charset="utf-8"><style>body{font-family:Arial,sans-serif;color:#333;line-height:1.6;margin:0;padding:0}.container{max-width:600px;margin:0 auto;padding:20px}.header{background:#0f172a;color:#fff;padding:20px;text-align:center;border-radius:8px 8px 0 0}.header h1{margin:0;font-size:22px}.content{padding:20px;background:#f9f9f9;border:1px solid #e0e0e0;border-top:none}.footer{padding:15px;text-align:center;font-size:12px;color:#999}table{width:100%;border-collapse:collapse;margin:15px 0}th,td{padding:10px 12px;text-align:left;border-bottom:1px solid #e0e0e0}th{background:#f0f0f0;font-size:13px}.total{font-size:16px;font-weight:700;text-align:right;padding-top:10px}.label{display:inline-block;padding:3px 10px;border-radius:10px;font-size:12px;font-weight:600;background:#fef3c7;color:#92400e}</style></head>
<body>
<div class="container">
    <div class="header"><h1>New Order Received</h1></div>
    <div class="content">
        <p>A new order has been placed.</p>
        <p><strong>Order:</strong> BS-20260522-5275 <span class="label">Pending</span></p>
        <p><strong>Customer:</strong> youssef jdira (jdirayoussef@gmail.com)</p>
        <p><strong>Payment:</strong> CASH ON DELIVERY - Pending</p>

        <table>
            <tr><th>Product</th><th>Qty</th><th>Price</th><th>Subtotal</th></tr>
                        <tr>
                <td>csdqfdqf</td>
                <td>3</td>
                <td>$100.00</td>
                <td>$300.00</td>
            </tr>
                    </table>

        <div class="total">
            <p>Total: $300.30</p>
        </div>

        <p><a href="http://localhost:8000/admin/orders/2" style="color:#d4a5a5;">View order in admin &rarr;</a></p>
    </div>
    <div class="footer">&copy; 2026 BeautyShop. All rights reserved.</div>
</div>
</body>
</html>
  
[2026-05-22 11:59:51] local.DEBUG: From: BeautyShop <noreply@beautyshop.com>
To: jdirayoussef@gmail.com
Subject: Order Confirmed - BS-20260522-5275
MIME-Version: 1.0
Date: Fri, 22 May 2026 11:59:51 +0000
Message-ID: <0b0f23170b737fd3bd0dcfbcbbf5ebc7@beautyshop.com>
Content-Type: text/html; charset=utf-8
Content-Transfer-Encoding: quoted-printable

<!DOCTYPE html>
<html>
<head><meta charset="utf-8"><style>body{font-family:Arial,sans-serif;color:#333;line-height:1.6;margin:0;padding:0}.container{max-width:600px;margin:0 auto;padding:20px}.header{background:#d4a5a5;color:#fff;padding:20px;text-align:center;border-radius:8px 8px 0 0}.header h1{margin:0;font-size:22px}.content{padding:20px;background:#f9f9f9;border:1px solid #e0e0e0;border-top:none}.footer{padding:15px;text-align:center;font-size:12px;color:#999}table{width:100%;border-collapse:collapse;margin:15px 0}th,td{padding:10px 12px;text-align:left;border-bottom:1px solid #e0e0e0}th{background:#f0f0f0;font-size:13px}.status-badge{display:inline-block;padding:5px 15px;border-radius:12px;font-size:14px;font-weight:700}.status-pending{background:#fef3c7;color:#92400e}.status-confirmed{background:#dbeafe;color:#1e40af}.status-processing{background:#ede9fe;color:#5b21b6}.status-shipped{background:#f0fdf4;color:#166534}.status-delivered{background:#dcfce7;color:#166534}.status-cancelled{background:#fef2f2;color:#dc2626}</style></head>
<body>
<div class="container">
    <div class="header">
                    <h1>Order Status Update</h1>
            </div>
    <div class="content">
        <p>Hi <strong>youssef</strong>,</p>

                    <p>Your order <strong>BS-20260522-5275</strong> status has been updated.</p>
        
        <p style="text-align:center;margin:20px 0;">
            <span class="status-badge status-confirmed">Confirmed</span>
        </p>

        <table>
            <tr><th>Product</th><th>Qty</th><th>Price</th></tr>
                        <tr>
                <td>csdqfdqf</td>
                <td>3</td>
                <td>$100.00</td>
            </tr>
                    </table>

        <p style="font-size:13px;color:#999;">Thank you for choosing BeautyShop!</p>
    </div>
    <div class="footer">&copy; 2026 BeautyShop. All rights reserved.</div>
</div>
</body>
</html>
  
[2026-05-22 12:00:09] local.DEBUG: From: BeautyShop <noreply@beautyshop.com>
To: jdirayoussef@gmail.com
Subject: Order Processing - BS-20260522-5275
MIME-Version: 1.0
Date: Fri, 22 May 2026 12:00:09 +0000
Message-ID: <1b8d7964e3cf1aec6304bdf1d37b5e52@beautyshop.com>
Content-Type: text/html; charset=utf-8
Content-Transfer-Encoding: quoted-printable

<!DOCTYPE html>
<html>
<head><meta charset="utf-8"><style>body{font-family:Arial,sans-serif;color:#333;line-height:1.6;margin:0;padding:0}.container{max-width:600px;margin:0 auto;padding:20px}.header{background:#d4a5a5;color:#fff;padding:20px;text-align:center;border-radius:8px 8px 0 0}.header h1{margin:0;font-size:22px}.content{padding:20px;background:#f9f9f9;border:1px solid #e0e0e0;border-top:none}.footer{padding:15px;text-align:center;font-size:12px;color:#999}table{width:100%;border-collapse:collapse;margin:15px 0}th,td{padding:10px 12px;text-align:left;border-bottom:1px solid #e0e0e0}th{background:#f0f0f0;font-size:13px}.status-badge{display:inline-block;padding:5px 15px;border-radius:12px;font-size:14px;font-weight:700}.status-pending{background:#fef3c7;color:#92400e}.status-confirmed{background:#dbeafe;color:#1e40af}.status-processing{background:#ede9fe;color:#5b21b6}.status-shipped{background:#f0fdf4;color:#166534}.status-delivered{background:#dcfce7;color:#166534}.status-cancelled{background:#fef2f2;color:#dc2626}</style></head>
<body>
<div class="container">
    <div class="header">
                    <h1>Order Status Update</h1>
            </div>
    <div class="content">
        <p>Hi <strong>youssef</strong>,</p>

                    <p>Your order <strong>BS-20260522-5275</strong> status has been updated.</p>
        
        <p style="text-align:center;margin:20px 0;">
            <span class="status-badge status-processing">Processing</span>
        </p>

        <table>
            <tr><th>Product</th><th>Qty</th><th>Price</th></tr>
                        <tr>
                <td>csdqfdqf</td>
                <td>3</td>
                <td>$100.00</td>
            </tr>
                    </table>

        <p style="font-size:13px;color:#999;">Thank you for choosing BeautyShop!</p>
    </div>
    <div class="footer">&copy; 2026 BeautyShop. All rights reserved.</div>
</div>
</body>
</html>
  
[2026-05-23 10:52:51] local.DEBUG: From: BeautyShop <noreply@beautyshop.com>
To: laravel@gmail.com
Subject: Order Confirmation - BS-20260523-5725
MIME-Version: 1.0
Date: Sat, 23 May 2026 10:52:51 +0000
Message-ID: <7be7e88d8781196a6a3d731a2b07e6ff@beautyshop.com>
Content-Type: text/html; charset=utf-8
Content-Transfer-Encoding: quoted-printable

<!DOCTYPE html>
<html>
<head><meta charset="utf-8"><style>body{font-family:Arial,sans-serif;color:#333;line-height:1.6;margin:0;padding:0}.container{max-width:600px;margin:0 auto;padding:20px}.header{background:#d4a5a5;color:#fff;padding:20px;text-align:center;border-radius:8px 8px 0 0}.header h1{margin:0;font-size:22px}.content{padding:20px;background:#f9f9f9;border:1px solid #e0e0e0;border-top:none}.footer{padding:15px;text-align:center;font-size:12px;color:#999}table{width:100%;border-collapse:collapse;margin:15px 0}th,td{padding:10px 12px;text-align:left;border-bottom:1px solid #e0e0e0}th{background:#f0f0f0;font-size:13px}.total{font-size:16px;font-weight:700;text-align:right;padding-top:10px}.btn{display:inline-block;padding:10px 20px;background:#d4a5a5;color:#fff;text-decoration:none;border-radius:5px;margin-top:15px}</style></head>
<body>
<div class="container">
    <div class="header"><h1>Thank You for Your Order!</h1></div>
    <div class="content">
        <p>Hi <strong>youssef</strong>,</p>
        <p>Your order <strong>BS-20260523-5725</strong> has been placed successfully.</p>

        <table>
            <tr><th>Product</th><th>Qty</th><th>Price</th><th>Subtotal</th></tr>
                        <tr>
                <td>csdqfdqf</td>
                <td>3</td>
                <td>$100.00</td>
                <td>$300.00</td>
            </tr>
                    </table>

        <div class="total">
            <p>Subtotal: $300.00</p>
            <p>Shipping: FREE</p>
            <p>Tax: $0.30</p>
            <p style="font-size:20px;">Total: $300.30</p>
        </div>

        <p><strong>Shipping to:</strong><br>
        116 Avenue Des Forces, Agadir<br>
        agadir, souss 29990<br>
        US</p>

        <p>Payment method: <strong>CARD</strong></p>
        <p>Payment status: <strong>Paid</strong></p>

        <p>We'll notify you when your order status changes. You can track your order anytime.</p>
        <p style="font-size:13px;color:#999;">If you have any questions, reply to this email or contact our support.</p>
    </div>
    <div class="footer">&copy; 2026 BeautyShop. All rights reserved.</div>
</div>
</body>
</html>
  
[2026-05-23 10:52:51] local.DEBUG: From: BeautyShop <noreply@beautyshop.com>
To: support@beautyshop.com
Subject: New Order - BS-20260523-5725
MIME-Version: 1.0
Date: Sat, 23 May 2026 10:52:51 +0000
Message-ID: <5315b70df75f9c9a008bb19b5c8f416f@beautyshop.com>
Content-Type: text/html; charset=utf-8
Content-Transfer-Encoding: quoted-printable

<!DOCTYPE html>
<html>
<head><meta charset="utf-8"><style>body{font-family:Arial,sans-serif;color:#333;line-height:1.6;margin:0;padding:0}.container{max-width:600px;margin:0 auto;padding:20px}.header{background:#0f172a;color:#fff;padding:20px;text-align:center;border-radius:8px 8px 0 0}.header h1{margin:0;font-size:22px}.content{padding:20px;background:#f9f9f9;border:1px solid #e0e0e0;border-top:none}.footer{padding:15px;text-align:center;font-size:12px;color:#999}table{width:100%;border-collapse:collapse;margin:15px 0}th,td{padding:10px 12px;text-align:left;border-bottom:1px solid #e0e0e0}th{background:#f0f0f0;font-size:13px}.total{font-size:16px;font-weight:700;text-align:right;padding-top:10px}.label{display:inline-block;padding:3px 10px;border-radius:10px;font-size:12px;font-weight:600;background:#fef3c7;color:#92400e}</style></head>
<body>
<div class="container">
    <div class="header"><h1>New Order Received</h1></div>
    <div class="content">
        <p>A new order has been placed.</p>
        <p><strong>Order:</strong> BS-20260523-5725 <span class="label">Pending</span></p>
        <p><strong>Customer:</strong> youssef jdira (laravel@gmail.com)</p>
        <p><strong>Payment:</strong> CARD - Paid</p>

        <table>
            <tr><th>Product</th><th>Qty</th><th>Price</th><th>Subtotal</th></tr>
                        <tr>
                <td>csdqfdqf</td>
                <td>3</td>
                <td>$100.00</td>
                <td>$300.00</td>
            </tr>
                    </table>

        <div class="total">
            <p>Total: $300.30</p>
        </div>

        <p><a href="http://localhost:8000/admin/orders/3" style="color:#d4a5a5;">View order in admin &rarr;</a></p>
    </div>
    <div class="footer">&copy; 2026 BeautyShop. All rights reserved.</div>
</div>
</body>
</html>
  
